2023-07-25 21:48:18[INFO]:  文件保存路径设置成功: ./
2023-07-25 21:48:18[INFO]:  下载文件夹名称设置成功: Download
2023-07-25 21:48:18[INFO]:  命名格式设置成功: create_time nickname id desc
2023-07-25 21:48:18[INFO]:  是否下载视频/图集的音乐: True
2023-07-25 21:48:18[INFO]:  时间格式设置成功: %Y-%m-%d %H.%M.%S
2023-07-25 21:48:18[INFO]:  命名分隔符设置成功: -
2023-07-25 21:48:20[INFO]:  是否下载视频动态封面图: True
2023-07-25 21:48:20[INFO]:  是否下载视频封面图: True
2023-07-25 21:48:22[INFO]:  代理测试通过
2023-07-25 21:48:35[INFO]:  已选择批量下载账号作品模式
2023-07-25 21:48:38[INFO]:  缓存文件不存在
2023-07-25 21:48:38[INFO]:  共有 2 个账号的作品等待下载
2023-07-25 21:48:41[INFO]:  当前账号链接: https://www.douyin.com/user/MS4wLjABAAAAtgsCM0g8YAtSTdyu3paRHnc9uQaEtDjolgPNtboMGBs?vid=7259654891486940476
2023-07-25 21:48:41[INFO]:  作品最早发布日期: 2023/7/1
2023-07-25 21:48:41[INFO]:  作品最晚发布日期: 2023/7/25
2023-07-25 21:48:49[INFO]:  正在获取第 1 个账号数据
2023-07-25 21:48:59[INFO]:   sec_user_id: MS4wLjABAAAAtgsCM0g8YAtSTdyu3paRHnc9uQaEtDjolgPNtboMGBs
2023-07-25 21:49:38[WARNING]:  账号作品数据响应内容为空
2023-07-25 21:49:44[WARNING]:  账号作品数据响应内容为空
2023-07-25 21:50:04[WARNING]:  账号作品数据响应内容为空
2023-07-25 21:50:08[WARNING]:  账号作品数据响应内容为空
2023-07-25 21:50:08[ERROR]:  获取账号作品数据时网络异常
2023-07-25 21:50:11[WARNING]:  账号作品数据响应内容为空
2023-07-25 21:50:15[WARNING]:  账号作品数据响应内容为空
2023-07-25 21:50:21[WARNING]:  账号作品数据响应内容为空
2023-07-25 21:50:26[WARNING]:  账号作品数据响应内容为空
2023-07-25 21:50:32[WARNING]:  账号作品数据响应内容为空
2023-07-25 21:50:38[WARNING]:  账号作品数据响应内容为空
2023-07-25 21:50:43[WARNING]:  账号作品数据响应内容为空
2023-07-25 21:50:49[WARNING]:  账号作品数据响应内容为空
2023-07-25 21:50:52[WARNING]:  账号作品数据响应内容为空
2023-07-25 21:50:56[WARNING]:  账号作品数据响应内容为空
2023-07-25 21:51:01[WARNING]:  账号作品数据响应内容为空
2023-07-25 21:51:07[WARNING]:  账号作品数据响应内容为空
