2023-07-25 21:51:17[INFO]:  文件保存路径设置成功: ./
2023-07-25 21:51:17[INFO]:  下载文件夹名称设置成功: Download
2023-07-25 21:51:17[INFO]:  命名格式设置成功: create_time nickname id desc
2023-07-25 21:51:17[INFO]:  是否下载视频/图集的音乐: True
2023-07-25 21:51:17[INFO]:  时间格式设置成功: %Y-%m-%d %H.%M.%S
2023-07-25 21:51:17[INFO]:  命名分隔符设置成功: -
2023-07-25 21:51:20[INFO]:  是否下载视频动态封面图: True
2023-07-25 21:51:20[INFO]:  是否下载视频封面图: True
2023-07-25 21:51:22[INFO]:  代理测试通过
2023-07-25 21:51:23[INFO]:  已选择批量下载账号作品模式
2023-07-25 21:51:27[INFO]:  缓存文件不存在
2023-07-25 21:51:27[INFO]:  共有 2 个账号的作品等待下载
2023-07-25 21:51:37[INFO]:  当前账号链接: https://www.douyin.com/user/MS4wLjABAAAAtgsCM0g8YAtSTdyu3paRHnc9uQaEtDjolgPNtboMGBs
2023-07-25 21:51:37[INFO]:  作品最早发布日期: 2023/7/1
2023-07-25 21:51:37[INFO]:  作品最晚发布日期: 2023/7/25
2023-07-25 21:51:41[INFO]:  正在获取第 1 个账号数据
2023-07-25 21:51:43[INFO]:   sec_user_id: MS4wLjABAAAAtgsCM0g8YAtSTdyu3paRHnc9uQaEtDjolgPNtboMGBs
2023-07-25 21:52:07[WARNING]:  账号作品数据响应内容为空
2023-07-25 21:52:17[WARNING]:  账号作品数据响应内容为空
2023-07-25 21:52:22[WARNING]:  账号作品数据响应内容为空
2023-07-25 21:52:29[WARNING]:  账号作品数据响应内容为空
2023-07-25 21:52:33[WARNING]:  账号作品数据响应内容为空
2023-07-25 21:52:38[WARNING]:  账号作品数据响应内容为空
2023-07-25 21:52:42[WARNING]:  账号作品数据响应内容为空
2023-07-25 21:52:46[WARNING]:  账号作品数据响应内容为空
2023-07-25 21:52:51[WARNING]:  账号作品数据响应内容为空
2023-07-25 21:52:54[WARNING]:  账号作品数据响应内容为空
2023-07-25 21:52:59[WARNING]:  账号作品数据响应内容为空
2023-07-25 21:53:03[WARNING]:  账号作品数据响应内容为空
2023-07-25 21:53:08[WARNING]:  账号作品数据响应内容为空
2023-07-25 21:53:13[WARNING]:  账号作品数据响应内容为空
2023-07-25 21:53:17[WARNING]:  账号作品数据响应内容为空
2023-07-25 21:53:22[WARNING]:  账号作品数据响应内容为空
2023-07-25 21:53:29[WARNING]:  账号作品数据响应内容为空
2023-07-25 21:53:33[WARNING]:  账号作品数据响应内容为空
2023-07-25 21:53:37[WARNING]:  账号作品数据响应内容为空
2023-07-25 21:53:40[WARNING]:  账号作品数据响应内容为空
2023-07-25 21:53:44[WARNING]:  账号作品数据响应内容为空
2023-07-25 21:53:44[INFO]:  该账号的作品数据获取结束
2023-07-25 21:53:44[INFO]:  该账号未获取到公开作品
2023-07-25 21:53:44[ERROR]:  获取第 1 个账号数据失败，请稍后重试
