2023-07-25 22:22:59[INFO]:  文件保存路径设置成功: ./
2023-07-25 22:22:59[INFO]:  下载文件夹名称设置成功: Download
2023-07-25 22:22:59[INFO]:  命名格式设置成功: create_time nickname id desc
2023-07-25 22:22:59[INFO]:  是否下载视频/图集的音乐: True
2023-07-25 22:22:59[INFO]:  时间格式设置成功: %Y-%m-%d %H.%M.%S
2023-07-25 22:22:59[INFO]:  命名分隔符设置成功: -
2023-07-25 22:23:01[INFO]:  是否下载视频动态封面图: True
2023-07-25 22:23:01[INFO]:  是否下载视频封面图: True
2023-07-25 22:23:02[INFO]:  代理测试通过
2023-07-25 22:23:06[INFO]:  已选择批量下载账号作品模式
2023-07-25 22:23:06[INFO]:  缓存文件不存在
2023-07-25 22:23:06[INFO]:  共有 2 个账号的作品等待下载
2023-07-25 22:23:06[INFO]:  当前账号链接: https://www.douyin.com/user/MS4wLjABAAAAtgsCM0g8YAtSTdyu3paRHnc9uQaEtDjolgPNtboMGBs
2023-07-25 22:23:06[INFO]:  作品最早发布日期: 2023/7/1
2023-07-25 22:23:06[INFO]:  作品最晚发布日期: 2023/7/25
2023-07-25 22:23:06[INFO]:  正在获取第 1 个账号数据
2023-07-25 22:23:06[INFO]:   sec_user_id: MS4wLjABAAAAtgsCM0g8YAtSTdyu3paRHnc9uQaEtDjolgPNtboMGBs
2023-07-25 22:24:06[INFO]:  该账号的作品数据获取结束
2023-07-25 22:24:06[INFO]:  老胡开说 公开作品数量: 800
2023-07-25 22:24:06[INFO]:  账号 老胡开说 的视频总数: 21
2023-07-25 22:24:06[INFO]:  视频: 7259654891486940476
2023-07-25 22:24:06[INFO]:  视频: 7259654874302926116
2023-07-25 22:24:06[INFO]:  视频: 7258283426279623990
2023-07-25 22:24:06[INFO]:  视频: 7258283497016675641
2023-07-25 22:24:06[INFO]:  视频: 7258283426279607606
2023-07-25 22:24:06[INFO]:  视频: 7257430141599616319
2023-07-25 22:24:06[INFO]:  视频: 7257430149618994488
2023-07-25 22:24:06[INFO]:  视频: 7256331957670268172
2023-07-25 22:24:06[INFO]:  视频: 7256332165875502395
2023-07-25 22:24:06[INFO]:  视频: 7256332124167458085
2023-07-25 22:24:06[INFO]:  视频: 7254900217240210727
2023-07-25 22:24:06[INFO]:  视频: 7254900177469754685
2023-07-25 22:24:06[INFO]:  视频: 7254900233275002124
2023-07-25 22:24:06[INFO]:  视频: 7254054749136244028
2023-07-25 22:24:06[INFO]:  视频: 7253286603454516536
2023-07-25 22:24:06[INFO]:  视频: 7253286583594503485
2023-07-25 22:24:06[INFO]:  视频: 7253286680684154151
2023-07-25 22:24:06[INFO]:  视频: 7252264074812214583
2023-07-25 22:24:06[INFO]:  视频: 7251556168345144613
2023-07-25 22:24:06[INFO]:  视频: 7250888568401431867
2023-07-25 22:24:06[INFO]:  视频: 7250888664593550596
2023-07-25 22:24:06[INFO]:  账号 老胡开说 的图集总数: 0
2023-07-25 22:24:06[INFO]:  获取第 1 个账号数据成功
2023-07-25 22:24:06[INFO]:  更新缓存: ('99681688585', '老胡开说', '老胡开说')
2023-07-25 22:24:06[INFO]:  缓存文件已保存
2023-07-25 22:24:06[INFO]:  账号昵称: 老胡开说, 去除错误字符后: 老胡开说
2023-07-25 22:24:06[INFO]:  开始获取第 1 个账号的作品数据
2023-07-25 22:24:06[INFO]:  视频: 7259654891486940476, 一家三口流落荒岛，岛上风光宜人，从此便在这里定居#荒岛生存 #岛上生活, 2023-07-25 15:29:16, UID99681688585, 老胡开说, @老胡开说创作的原声
2023-07-25 22:24:06[INFO]:  视频: 7259654874302926116, 一家三口流落荒岛，岛上风光宜人，从此便在这里定居#荒岛生存 #岛上生活, 2023-07-25 15:29:15, UID99681688585, 老胡开说, @老胡开说创作的原声
2023-07-25 22:24:06[INFO]:  视频: 7258283426279623990, 女人只因不想上班，起床发现腋毛直接长了20公分#恐惧 #不可思议, 2023-07-21 22:48:05, UID99681688585, 老胡开说, @老胡开说创作的原声
2023-07-25 22:24:06[INFO]:  视频: 7258283497016675641, 女人看到餐厅里挤满了人，顿时觉得太诡异了#恐惧 #不可思议, 2023-07-21 22:48:04, UID99681688585, 老胡开说, @老胡开说创作的原声
2023-07-25 22:24:07[INFO]:  视频: 7258283426279607606, “恐惧怪”袭击女人，唯有消灭它才能重回现实#恐惧过后, 2023-07-21 22:48:03, UID99681688585, 老胡开说, @老胡开说创作的原声
2023-07-25 22:24:07[INFO]:  视频: 7257430141599616319, 2023最新动作电影，美队化身憨厚农夫，追求性感邦女郎#神出鬼没 #美队 #邦女郎, 2023-07-19 15:36:11, UID99681688585, 老胡开说, @老胡开说创作的原声
2023-07-25 22:24:07[INFO]:  视频: 7257430149618994488, 2023最新动作电影，美队化身憨厚农夫，追求性感邦女郎#神出鬼没 #美队 #邦女郎, 2023-07-19 15:36:10, UID99681688585, 老胡开说, @老胡开说创作的原声
2023-07-25 22:24:07[INFO]:  视频: 7256331957670268172, 女人送孩子上学迟到10分钟，就发现车里被人安了炸弹#拆弹 #被困 #解救, 2023-07-16 16:35:37, UID99681688585, 老胡开说, @老胡开说创作的原声
2023-07-25 22:24:07[INFO]:  视频: 7256332165875502395, 女人送孩子上学迟到10分钟，就发现车里被人安了炸弹#拆弹 #被困 #解救, 2023-07-16 16:35:36, UID99681688585, 老胡开说, @老胡开说创作的原声
2023-07-25 22:24:07[INFO]:  视频: 7256332124167458085, 女人送孩子上学迟到10分钟，就发现车里被人安了炸弹#拆弹 #被困 #解救, 2023-07-16 16:35:35, UID99681688585, 老胡开说, @老胡开说创作的原声
2023-07-25 22:24:07[INFO]:  视频: 7254900217240210727, 真实故事改编，满载化学品的火车无司机狂飙，新员工惊险化解#危情时速 #火车事故, 2023-07-12 19:58:49, UID99681688585, 老胡开说, @老胡开说创作的原声
2023-07-25 22:24:07[INFO]:  视频: 7254900177469754685, 真实故事改编，满载化学品的火车无司机狂飙，新员工惊险化解#危情时速 #火车事故, 2023-07-12 19:58:48, UID99681688585, 老胡开说, @老胡开说创作的原声
2023-07-25 22:24:07[INFO]:  视频: 7254900233275002124, 真实故事改编，满载化学品的火车无司机狂飙，新员工惊险化解#危情时速 #火车事故, 2023-07-12 19:58:47, UID99681688585, 老胡开说, @老胡开说创作的原声
2023-07-25 22:24:07[INFO]:  视频: 7254054749136244028, 一场暴雨将鳄鱼冲进地下室，父女二人险象环生#鳄鱼 #巨鳄 #逃生, 2023-07-10 13:17:54, UID99681688585, 老胡开说, @老胡开说创作的原声
2023-07-25 22:24:07[INFO]:  视频: 7253286603454516536, 男人徒手和狮子搏斗，只为保护一家三口#狂暴 #野兽, 2023-07-08 11:37:04, UID99681688585, 老胡开说, @老胡开说创作的原声
2023-07-25 22:24:07[INFO]:  视频: 7253286583594503485, 男人徒手和狮子搏斗，只为保护一家三口#狂暴 #野兽, 2023-07-08 11:37:03, UID99681688585, 老胡开说, @老胡开说创作的原声
2023-07-25 22:24:07[INFO]:  视频: 7253286680684154151, 男人徒手和狮子搏斗，只为保护一家三口#狂暴 #野兽, 2023-07-08 11:37:02, UID99681688585, 老胡开说, @老胡开说创作的原声
2023-07-25 22:24:07[INFO]:  视频: 7252264074812214583, 小情侣开车，遭遇诡异循环，怎么都跑不出这片荒漠#循环 #惊悚, 2023-07-05 17:28:47, UID99681688585, 老胡开说, @老胡开说创作的原声
2023-07-25 22:24:07[INFO]:  视频: 7251556168345144613, 富豪想征服女模特，表演悬崖跳水，谁知下去就上不来了#狂野 #求生电影, 2023-07-03 19:41:48, UID99681688585, 老胡开说, @老胡开说创作的原声
2023-07-25 22:24:07[INFO]:  视频: 7250888568401431867, 2022最新电影，小情侣误入黑店，女友身材火辣被老板看中#恶魔 #逃脱, 2023-07-02 00:32:54, UID99681688585, 老胡开说, @老胡开说创作的原声
2023-07-25 22:24:07[INFO]:  视频: 7250888664593550596, 2022最新电影，小情侣误入黑店，女友身材火辣被老板看中#恶魔 #逃脱, 2023-07-02 00:32:53, UID99681688585, 老胡开说, @老胡开说创作的原声
2023-07-25 22:24:07[INFO]:  获取第 1 个账号的作品数据成功
2023-07-25 22:24:07[INFO]:  开始下载第 1 个账号的视频/图集
2023-07-25 22:24:20[WARNING]:  网络异常: HTTPSConnectionPool(host='2409-8c54-b010-10-8000-0-b00-95.volcsiriusbd.com', port=443): Max retries exceeded with url: /v5-gdgz.douyinvod.com/9ccb3047392e341167188fd5cb6ddd28/64bfea32/video/tos/cn/tos-cn-ve-15c001-alinc2/oIDteAGfc9rCYL2aSuNXOEIDAgGeEweRbzVvIw/?a=1128&ch=0&cr=0&dr=0&er=0&cd=0%7C0%7C0%7C0&cv=1&br=2073&bt=2073&cs=0&ds=3&ft=zvg_WHm998xl8uEemD0P58lZW_3iX-p5CMVJEHsGx0bPD-I&mime_type=video_mp4&qs=0&rc=O2QzPDo1aDVlZmZpNTY6ZEBpajZ0dW85cmxxbDMzNGkzM0BfL2E0LTFfNTUxYl9hXl40YSNfbC1hMmRzZ3NgLS1kLS9zcw%3D%3D&l=20230725222410C0D14F078EBAFB1AAC66&btag=e000b0000&cc=2f&dy_q=1690295050&bdcdn_rkey=gdgzcm08 (Caused by SSLError(SSLEOFError(8, 'EOF occurred in violation of protocol (_ssl.c:1002)')))
2023-07-25 22:25:10[INFO]:  2023-07-25 15.29.16-老胡开说-7259654891486940476-一家三口流落荒岛，岛上风光宜人，从此便在这里定居#荒岛生存 #岛上生活.mp4 下载成功
2023-07-25 22:25:10[INFO]:  文件保存路径: UID99681688585_老胡开说\video\2023-07-25 15.29.16-老胡开说-7259654891486940476-一家三口流落荒岛，岛上风光宜人，从此便在这里定居#荒岛生存 #岛上生活.mp4
2023-07-25 22:25:15[INFO]:  7259654891486940476-@老胡开说创作的原声.m4a 下载成功
2023-07-25 22:25:15[INFO]:  文件保存路径: UID99681688585_老胡开说\video\7259654891486940476-@老胡开说创作的原声.m4a
2023-07-25 22:25:18[INFO]:  2023-07-25 15.29.16-老胡开说-7259654891486940476-一家三口流落荒岛，岛上风光宜人，从此便在这里定居#荒岛生存 #岛上生活.webp 下载成功
2023-07-25 22:25:18[INFO]:  文件保存路径: UID99681688585_老胡开说\video\2023-07-25 15.29.16-老胡开说-7259654891486940476-一家三口流落荒岛，岛上风光宜人，从此便在这里定居#荒岛生存 #岛上生活.webp
2023-07-25 22:25:24[INFO]:  2023-07-25 15.29.16-老胡开说-7259654891486940476-一家三口流落荒岛，岛上风光宜人，从此便在这里定居#荒岛生存 #岛上生活.jpeg 下载成功
2023-07-25 22:25:24[INFO]:  文件保存路径: UID99681688585_老胡开说\video\2023-07-25 15.29.16-老胡开说-7259654891486940476-一家三口流落荒岛，岛上风光宜人，从此便在这里定居#荒岛生存 #岛上生活.jpeg
2023-07-25 22:25:59[INFO]:  2023-07-25 15.29.15-老胡开说-7259654874302926116-一家三口流落荒岛，岛上风光宜人，从此便在这里定居#荒岛生存 #岛上生活.mp4 下载成功
2023-07-25 22:25:59[INFO]:  文件保存路径: UID99681688585_老胡开说\video\2023-07-25 15.29.15-老胡开说-7259654874302926116-一家三口流落荒岛，岛上风光宜人，从此便在这里定居#荒岛生存 #岛上生活.mp4
2023-07-25 22:26:04[INFO]:  7259654874302926116-@老胡开说创作的原声.m4a 下载成功
2023-07-25 22:26:04[INFO]:  文件保存路径: UID99681688585_老胡开说\video\7259654874302926116-@老胡开说创作的原声.m4a
2023-07-25 22:26:10[INFO]:  2023-07-25 15.29.15-老胡开说-7259654874302926116-一家三口流落荒岛，岛上风光宜人，从此便在这里定居#荒岛生存 #岛上生活.webp 下载成功
2023-07-25 22:26:10[INFO]:  文件保存路径: UID99681688585_老胡开说\video\2023-07-25 15.29.15-老胡开说-7259654874302926116-一家三口流落荒岛，岛上风光宜人，从此便在这里定居#荒岛生存 #岛上生活.webp
2023-07-25 22:26:13[INFO]:  2023-07-25 15.29.15-老胡开说-7259654874302926116-一家三口流落荒岛，岛上风光宜人，从此便在这里定居#荒岛生存 #岛上生活.jpeg 下载成功
2023-07-25 22:26:13[INFO]:  文件保存路径: UID99681688585_老胡开说\video\2023-07-25 15.29.15-老胡开说-7259654874302926116-一家三口流落荒岛，岛上风光宜人，从此便在这里定居#荒岛生存 #岛上生活.jpeg
2023-07-25 22:26:28[INFO]:  2023-07-21 22.48.05-老胡开说-7258283426279623990-女人只因不想上班，起床发现腋毛直接长了20公分#恐惧 #不可思议.mp4 下载成功
2023-07-25 22:26:28[INFO]:  文件保存路径: UID99681688585_老胡开说\video\2023-07-21 22.48.05-老胡开说-7258283426279623990-女人只因不想上班，起床发现腋毛直接长了20公分#恐惧 #不可思议.mp4
2023-07-25 22:26:33[INFO]:  7258283426279623990-@老胡开说创作的原声.m4a 下载成功
2023-07-25 22:26:33[INFO]:  文件保存路径: UID99681688585_老胡开说\video\7258283426279623990-@老胡开说创作的原声.m4a
2023-07-25 22:26:37[INFO]:  2023-07-21 22.48.05-老胡开说-7258283426279623990-女人只因不想上班，起床发现腋毛直接长了20公分#恐惧 #不可思议.webp 下载成功
2023-07-25 22:26:37[INFO]:  文件保存路径: UID99681688585_老胡开说\video\2023-07-21 22.48.05-老胡开说-7258283426279623990-女人只因不想上班，起床发现腋毛直接长了20公分#恐惧 #不可思议.webp
2023-07-25 22:26:40[INFO]:  2023-07-21 22.48.05-老胡开说-7258283426279623990-女人只因不想上班，起床发现腋毛直接长了20公分#恐惧 #不可思议.jpeg 下载成功
2023-07-25 22:26:40[INFO]:  文件保存路径: UID99681688585_老胡开说\video\2023-07-21 22.48.05-老胡开说-7258283426279623990-女人只因不想上班，起床发现腋毛直接长了20公分#恐惧 #不可思议.jpeg
2023-07-25 22:26:56[INFO]:  2023-07-21 22.48.04-老胡开说-7258283497016675641-女人看到餐厅里挤满了人，顿时觉得太诡异了#恐惧 #不可思议.mp4 下载成功
2023-07-25 22:26:56[INFO]:  文件保存路径: UID99681688585_老胡开说\video\2023-07-21 22.48.04-老胡开说-7258283497016675641-女人看到餐厅里挤满了人，顿时觉得太诡异了#恐惧 #不可思议.mp4
2023-07-25 22:27:00[INFO]:  7258283497016675641-@老胡开说创作的原声.m4a 下载成功
2023-07-25 22:27:00[INFO]:  文件保存路径: UID99681688585_老胡开说\video\7258283497016675641-@老胡开说创作的原声.m4a
