2023-07-23 21:17:56[INFO]:  文件保存路径设置成功: ./
2023-07-23 21:17:56[INFO]:  下载文件夹名称设置成功: Download
2023-07-23 21:17:56[INFO]:  命名格式设置成功: create_time nickname id desc
2023-07-23 21:17:56[INFO]:  是否下载视频/图集的音乐: True
2023-07-23 21:17:56[INFO]:  时间格式设置成功: %Y-%m-%d %H.%M.%S
2023-07-23 21:17:56[INFO]:  命名分隔符设置成功: -
2023-07-23 21:17:57[INFO]:  是否下载视频动态封面图: True
2023-07-23 21:17:57[INFO]:  是否下载视频封面图: True
2023-07-23 21:17:59[INFO]:  代理测试通过
2023-07-23 21:18:23[INFO]:  已选择批量下载账号作品模式
2023-07-23 21:18:23[INFO]:  缓存文件不存在
2023-07-23 21:18:23[INFO]:  共有 2 个账号的作品等待下载
2023-07-23 21:18:23[WARNING]:  无效的账号链接: 账号主页链接, 支持长链接与短链接
2023-07-23 21:18:23[INFO]:  作品最早发布日期: 2023/7/1
2023-07-23 21:18:23[INFO]:  正在获取第 1 个账号数据
2023-07-23 21:18:23[WARNING]:  请检查账号链接、批量下载类型、最早发布日期、最晚发布日期是否正确
2023-07-23 21:19:09[WARNING]:  无效的账号链接: 账号主页链接, 支持长链接与短链接
2023-07-23 21:19:09[INFO]:  作品最晚发布日期: 2023/8/1
2023-07-23 21:19:09[INFO]:  正在获取第 2 个账号数据
2023-07-23 21:19:09[WARNING]:  请检查账号链接、批量下载类型、最早发布日期、最晚发布日期是否正确
2023-07-23 21:19:11[INFO]:  已退出批量下载作品模式

2023-07-23 21:19:13[INFO]:  文件保存路径设置成功: ./
2023-07-23 21:19:13[INFO]:  下载文件夹名称设置成功: Download
2023-07-23 21:19:13[INFO]:  命名格式设置成功: create_time nickname id desc
2023-07-23 21:19:13[INFO]:  是否下载视频/图集的音乐: True
2023-07-23 21:19:13[INFO]:  时间格式设置成功: %Y-%m-%d %H.%M.%S
2023-07-23 21:19:13[INFO]:  命名分隔符设置成功: -
2023-07-23 21:19:14[INFO]:  是否下载视频动态封面图: True
2023-07-23 21:19:14[INFO]:  是否下载视频封面图: True
2023-07-23 21:19:16[INFO]:  代理测试通过
2023-07-23 21:19:16[INFO]:  程序运行结束
