2023-07-24 20:54:47[INFO]:  文件保存路径设置成功: ./
2023-07-24 20:54:47[INFO]:  下载文件夹名称设置成功: Download
2023-07-24 20:54:47[INFO]:  命名格式设置成功: create_time nickname id desc
2023-07-24 20:54:47[INFO]:  是否下载视频/图集的音乐: True
2023-07-24 20:54:47[INFO]:  时间格式设置成功: %Y-%m-%d %H.%M.%S
2023-07-24 20:54:47[INFO]:  命名分隔符设置成功: -
2023-07-24 20:54:49[INFO]:  是否下载视频动态封面图: True
2023-07-24 20:54:49[INFO]:  是否下载视频封面图: True
2023-07-24 20:54:50[INFO]:  代理测试通过
2023-07-24 20:55:02[INFO]:  已选择批量下载账号作品模式
2023-07-24 20:55:02[INFO]:  缓存文件不存在
2023-07-24 20:55:02[INFO]:  共有 2 个账号的作品等待下载
2023-07-24 20:55:02[WARNING]:  无效的账号链接: 账号主页链接, 支持长链接与短链接
2023-07-24 20:55:02[INFO]:  作品最早发布日期: 2023/7/1
2023-07-24 20:55:02[INFO]:  正在获取第 1 个账号数据
2023-07-24 20:55:02[WARNING]:  请检查账号链接、批量下载类型、最早发布日期、最晚发布日期是否正确
2023-07-24 20:55:13[INFO]:  已退出批量下载作品模式

2023-07-24 20:55:16[INFO]:  文件保存路径设置成功: ./
2023-07-24 20:55:16[INFO]:  下载文件夹名称设置成功: Download
2023-07-24 20:55:16[INFO]:  命名格式设置成功: create_time nickname id desc
2023-07-24 20:55:16[INFO]:  是否下载视频/图集的音乐: True
2023-07-24 20:55:16[INFO]:  时间格式设置成功: %Y-%m-%d %H.%M.%S
2023-07-24 20:55:16[INFO]:  命名分隔符设置成功: -
2023-07-24 20:55:17[INFO]:  是否下载视频动态封面图: True
2023-07-24 20:55:17[INFO]:  是否下载视频封面图: True
2023-07-24 20:55:19[INFO]:  代理测试通过
2023-07-24 20:55:24[INFO]:  已选择单独下载链接作品模式
2023-07-24 20:55:30[INFO]:  已退出单独下载作品模式

2023-07-24 20:55:33[INFO]:  文件保存路径设置成功: ./
2023-07-24 20:55:33[INFO]:  下载文件夹名称设置成功: Download
2023-07-24 20:55:33[INFO]:  命名格式设置成功: create_time nickname id desc
2023-07-24 20:55:33[INFO]:  是否下载视频/图集的音乐: True
2023-07-24 20:55:33[INFO]:  时间格式设置成功: %Y-%m-%d %H.%M.%S
2023-07-24 20:55:33[INFO]:  命名分隔符设置成功: -
2023-07-24 20:55:35[INFO]:  是否下载视频动态封面图: True
2023-07-24 20:55:35[INFO]:  是否下载视频封面图: True
2023-07-24 20:55:38[INFO]:  代理测试通过
